Removed Pin From Net: NetName=GND Pin=C5-1
Removed Pin From Net: NetName=GND Pin=C6-1
Removed Pin From Net: NetName=GND Pin=J3-3
Removed Pin From Net: NetName=GND Pin=R3-1
Removed Pin From Net: NetName=GND Pin=U2-1
Removed Pin From Net: NetName=NetC3_2 Pin=U2-4
Removed Pin From Net: NetName=NetC3_2 Pin=U2-6
Removed Pin From Net: NetName=GND Pin=U2-7
Removed Member From Class: ClassName=BRAWN Member=C5
Removed Member From Class: ClassName=BRAWN Member=C6
Removed Member From Class: ClassName=BRAWN Member=R3
Removed Member From Class: ClassName=BRAWN Member=U2
Change Component Footprint: Designator=J3 Old Footprint=HIROSE_A2-3PA-2.54DSA New Footprint=MountingPad(2x2)
Change Component Footprint: Designator=R2 Old Footprint=RESC1005X04N_0402 New Footprint=RESC1608X06N_0603
Change Component Comment : Designator=C1 Old Comment=100nF,50V New Comment=1uF,50V
Change Component Comment : Designator=R2 Old Comment=270K,1% New Comment=0R,5%
Change Component Comment : Designator=J3 Old Comment=HEADER 1X3 New Comment=MountingPad(2x2)
Change component parameters: Designator = "C1" ("C1"); Footprint = "CAPC1005X05N_0402"; UniqueID = "\NZFPSRDD" ("\NZFPSRDD")
Change component parameters (AddParameter): Name = "BWA PN"; Value = "CCG-106DH-H"; VariantName = "[No Variations]"
Change component parameters (AddParameter): Name = "Capacitance"; Value = "1uF"; VariantName = "[No Variations]"
Change component parameters (AddParameter): Name = "Dielectric"; Value = "X5R"; VariantName = "[No Variations]"
Change component parameters (AddParameter): Name = "Display_Name"; Value = "1uF,50V"; VariantName = "[No Variations]"
Change component parameters (AddParameter): Name = "Manufacturer"; Value = "Taiyo Yuden"; VariantName = "[No Variations]"
Change component parameters (AddParameter): Name = "Manufacturer Part Number"; Value = "UMK105CBJ105MV-F"; VariantName = "[No Variations]"
Change component parameters (AddParameter): Name = "Schematic Symbol"; Value = "CAP-NP_1"; VariantName = "[No Variations]"
Change component parameters (AddParameter): Name = "Supplier 1"; Value = "Digi-Key"; VariantName = "[No Variations]"
Change component parameters (AddParameter): Name = "Supplier Part Number 1"; Value = "587-6278-1-ND"; VariantName = "[No Variations]"
Change component parameters (AddParameter): Name = "Tolerance"; Value = "20%"; VariantName = "[No Variations]"
Change component parameters (AddParameter): Name = "Type"; Value = "Ceramic"; VariantName = "[No Variations]"
Change component parameters (AddParameter): Name = "Voltage"; Value = "50V"; VariantName = "[No Variations]"
Change component parameters: Designator = "R2" ("R2"); Footprint = "RESC1005X04N_0402"; UniqueID = "\ARFVEHNB" ("\ARFVEHNB")
Change component parameters (AddParameter): Name = "BWA PN"; Value = "RSH-0R000-F"; VariantName = "[No Variations]"
Change component parameters (AddParameter): Name = "Display_Name"; Value = "0R,5%"; VariantName = "[No Variations]"
Change component parameters (AddParameter): Name = "Manufacturer"; Value = "Yageo"; VariantName = "[No Variations]"
Change component parameters (AddParameter): Name = "Manufacturer Part Number"; Value = "RC0603JR-070RL"; VariantName = "[No Variations]"
Change component parameters (AddParameter): Name = "Power"; Value = "0.1W"; VariantName = "[No Variations]"
Change component parameters (AddParameter): Name = "Resistance"; Value = "0R"; VariantName = "[No Variations]"
Change component parameters (AddParameter): Name = "Schematic Symbol"; Value = "RESISTOR_1"; VariantName = "[No Variations]"
Change component parameters (AddParameter): Name = "Supplier 1"; Value = "Digi-Key"; VariantName = "[No Variations]"
Change component parameters (AddParameter): Name = "Supplier Part Number 1"; Value = "311-0.0GRCT-ND"; VariantName = "[No Variations]"
Change component parameters (AddParameter): Name = "Tolerance"; Value = "5%"; VariantName = "[No Variations]"
Change component parameters (AddParameter): Name = "Type"; Value = "Chip"; VariantName = "[No Variations]"
Change component parameters: Designator = "J3" ("J3"); Footprint = "HIROSE_A2-3PA-2.54DSA"; UniqueID = "\GKNOKMSP" ("\GKNOKMSP")
Added Component: Designator=J9(MountingPad(2x2))
Added Component: Designator=J10(MountingPad(2x2))
Added Pin To Net: NetName=+3V3 Pin=C1-2
Added Pin To Net: NetName=GND Pin=J10-1
Added Pin To Net: NetName=+3V3 Pin=R2-2
Added Pin To Net: NetName=NetC3_2 Pin=U1-4
Added Pin To Net: NetName=NetC3_2 Pin=U1-6
Added Pin To Net: NetName=NetJ9_1 Pin=J9-1
Added Pin To Net: NetName=NetJ9_1 Pin=R2-1
Added Net: Name=NetJ9_1
Added Member To Class: ClassName=BRAWN Member=Component J9 MountingPad(2x2)
Added Member To Class: ClassName=BRAWN Member=Component J10 MountingPad(2x2)
