Replace Part C1 CAP-NP_1 in C:\dev\GitHub\THE_BRAWN\HW\BRAWN.SchDoc with CAP-NP_1 from library.Dblib
Replace Part C2 CAP-NP_1 in C:\dev\GitHub\THE_BRAWN\HW\BRAWN.SchDoc with CAP-NP_1 from library.Dblib
Replace Part C3 CAP-NP_1 in C:\dev\GitHub\THE_BRAWN\HW\BRAWN.SchDoc with CAP-NP_1 from library.Dblib
Replace Part C4 CAP-NP_1 in C:\dev\GitHub\THE_BRAWN\HW\BRAWN.SchDoc with CAP-NP_1 from library.Dblib
Replace Part C5 CAP-NP_1 in C:\dev\GitHub\THE_BRAWN\HW\BRAWN.SchDoc with CAP-NP_1 from library.Dblib
Replace Part C6 CAP-NP_1 in C:\dev\GitHub\THE_BRAWN\HW\BRAWN.SchDoc with CAP-NP_1 from library.Dblib
Replace Part C7 CAP-NP_1 in C:\dev\GitHub\THE_BRAWN\HW\BRAWN.SchDoc with CAP-NP_1 from library.Dblib
Replace Part C8 CAP-NP_1 in C:\dev\GitHub\THE_BRAWN\HW\BRAWN.SchDoc with CAP-NP_1 from library.Dblib
Replace Part C9 CAP-NP_1 in C:\dev\GitHub\THE_BRAWN\HW\BRAWN.SchDoc with CAP-NP_1 from library.Dblib
Replace Part C10 CAP-NP_1 in C:\dev\GitHub\THE_BRAWN\HW\BRAWN.SchDoc with CAP-NP_1 from library.Dblib
Replace Part C11 CAP-NP_1 in C:\dev\GitHub\THE_BRAWN\HW\BRAWN.SchDoc with CAP-NP_1 from library.Dblib
Replace Part C12 CAP-NP_1 in C:\dev\GitHub\THE_BRAWN\HW\BRAWN.SchDoc with CAP-NP_1 from library.Dblib
Replace Part C13 CAP-NP_1 in C:\dev\GitHub\THE_BRAWN\HW\BRAWN.SchDoc with CAP-NP_1 from library.Dblib
Replace Part DS1 LED_1 in C:\dev\GitHub\THE_BRAWN\HW\BRAWN.SchDoc with LED_1 from library.Dblib
Replace Part DS2 LED_1 in C:\dev\GitHub\THE_BRAWN\HW\BRAWN.SchDoc with LED_1 from library.Dblib
Replace Part J1 MountingPad(2x2) in C:\dev\GitHub\THE_BRAWN\HW\BRAWN.SchDoc with MountingPad(2x2) from Schlib1.SchLib
Replace Part J2 MountingPad(2x2) in C:\dev\GitHub\THE_BRAWN\HW\BRAWN.SchDoc with MountingPad(2x2) from Schlib1.SchLib
Replace Part J3 HIROSE_A2-3PA-2.54DSA in C:\dev\GitHub\THE_BRAWN\HW\BRAWN.SchDoc with HIROSE_A2-3PA-2.54DSA from library.Dblib
Replace Part J4 MountingPad(2x2) in C:\dev\GitHub\THE_BRAWN\HW\BRAWN.SchDoc with MountingPad(2x2) from Schlib1.SchLib
Replace Part J5 MountingPad(2x2) in C:\dev\GitHub\THE_BRAWN\HW\BRAWN.SchDoc with MountingPad(2x2) from Schlib1.SchLib
Replace Part J6 TAG-CONNECT_TC2030-IDC in C:\dev\GitHub\THE_BRAWN\HW\BRAWN.SchDoc with TAG-CONNECT_TC2030-IDC from library.Dblib
Replace Part J7 MountingPad(2x2) in C:\dev\GitHub\THE_BRAWN\HW\BRAWN.SchDoc with MountingPad(2x2) from Schlib1.SchLib
Replace Part J8 MountingPad(2x2) in C:\dev\GitHub\THE_BRAWN\HW\BRAWN.SchDoc with MountingPad(2x2) from Schlib1.SchLib
Replace Part J9 MountingPad(2x2) in C:\dev\GitHub\THE_BRAWN\HW\BRAWN.SchDoc with MountingPad(2x2) from Schlib1.SchLib
Replace Part J10 MountingPad(2x2) in C:\dev\GitHub\THE_BRAWN\HW\BRAWN.SchDoc with MountingPad(2x2) from Schlib1.SchLib
Replace Part Q1 MOSFET-P_5 in C:\dev\GitHub\THE_BRAWN\HW\BRAWN.SchDoc with MOSFET-P_5 from library.Dblib
Replace Part Q2 MOSFET-N_1 in C:\dev\GitHub\THE_BRAWN\HW\BRAWN.SchDoc with MOSFET-N_1 from library.Dblib
Replace Part Q3 MOSFET-P_5 in C:\dev\GitHub\THE_BRAWN\HW\BRAWN.SchDoc with MOSFET-P_5 from library.Dblib
Replace Part Q4 MOSFET-P_5 in C:\dev\GitHub\THE_BRAWN\HW\BRAWN.SchDoc with MOSFET-P_5 from library.Dblib
Replace Part Q5 MOSFET-N_1 in C:\dev\GitHub\THE_BRAWN\HW\BRAWN.SchDoc with MOSFET-N_1 from library.Dblib
Replace Part Q6 MOSFET-P_5 in C:\dev\GitHub\THE_BRAWN\HW\BRAWN.SchDoc with MOSFET-P_5 from library.Dblib
Replace Part Q7 MOSFET-P_5 in C:\dev\GitHub\THE_BRAWN\HW\BRAWN.SchDoc with MOSFET-P_5 from library.Dblib
Replace Part R1 RESISTOR_1 in C:\dev\GitHub\THE_BRAWN\HW\BRAWN.SchDoc with RESISTOR_1 from library.Dblib
Replace Part R2 RESISTOR_1 in C:\dev\GitHub\THE_BRAWN\HW\BRAWN.SchDoc with RESISTOR_1 from library.Dblib
Replace Part R3 RESISTOR_1 in C:\dev\GitHub\THE_BRAWN\HW\BRAWN.SchDoc with RESISTOR_1 from library.Dblib
Replace Part R4 RESISTOR_1 in C:\dev\GitHub\THE_BRAWN\HW\BRAWN.SchDoc with RESISTOR_1 from library.Dblib
Replace Part R5 RESISTOR_1 in C:\dev\GitHub\THE_BRAWN\HW\BRAWN.SchDoc with RESISTOR_1 from library.Dblib
Replace Part R6 RESISTOR_1 in C:\dev\GitHub\THE_BRAWN\HW\BRAWN.SchDoc with RESISTOR_1 from library.Dblib
Replace Part R7 RESISTOR_1 in C:\dev\GitHub\THE_BRAWN\HW\BRAWN.SchDoc with RESISTOR_1 from library.Dblib
Replace Part R8 RESISTOR_1 in C:\dev\GitHub\THE_BRAWN\HW\BRAWN.SchDoc with RESISTOR_1 from library.Dblib
Replace Part R9 RESISTOR_1 in C:\dev\GitHub\THE_BRAWN\HW\BRAWN.SchDoc with RESISTOR_1 from library.Dblib
Replace Part R10 RESISTOR_1 in C:\dev\GitHub\THE_BRAWN\HW\BRAWN.SchDoc with RESISTOR_1 from library.Dblib
Replace Part R11 RESISTOR_1 in C:\dev\GitHub\THE_BRAWN\HW\BRAWN.SchDoc with RESISTOR_1 from library.Dblib
Replace Part R12 RESISTOR_1 in C:\dev\GitHub\THE_BRAWN\HW\BRAWN.SchDoc with RESISTOR_1 from library.Dblib
Replace Part R13 RESISTOR_1 in C:\dev\GitHub\THE_BRAWN\HW\BRAWN.SchDoc with RESISTOR_1 from library.Dblib
Replace Part R14 RESISTOR_1 in C:\dev\GitHub\THE_BRAWN\HW\BRAWN.SchDoc with RESISTOR_1 from library.Dblib
Replace Part R15 RESISTOR_1 in C:\dev\GitHub\THE_BRAWN\HW\BRAWN.SchDoc with RESISTOR_1 from library.Dblib
Replace Part U1 LDL212PU50R in C:\dev\GitHub\THE_BRAWN\HW\BRAWN.SchDoc with LDL212PU50R from library.Dblib
Replace Part U2 LDL212PU50R in C:\dev\GitHub\THE_BRAWN\HW\BRAWN.SchDoc with LDL212PU50R from library.Dblib
Replace Part U3 STM32L010F4/K4 in C:\dev\GitHub\THE_BRAWN\HW\BRAWN.SchDoc with STM32L010F4/K4 from library.Dblib
