Added Component: Designator=C1(CAPC1005X05N_0402)
Add component (AddParameter): Name = "BWA PN"; Value = "CCG-104CE-G"; VariantName = "[No Variations]"
Add component (AddParameter): Name = "Capacitance"; Value = "100nF"; VariantName = "[No Variations]"
Add component (AddParameter): Name = "Dielectric"; Value = "X7R"; VariantName = "[No Variations]"
Add component (AddParameter): Name = "Display_Name"; Value = "100nF,50V"; VariantName = "[No Variations]"
Add component (AddParameter): Name = "Manufacturer"; Value = "Taiyo Yuden"; VariantName = "[No Variations]"
Add component (AddParameter): Name = "Manufacturer Part Number"; Value = "UMK105B7104KV-FR"; VariantName = "[No Variations]"
Add component (AddParameter): Name = "Schematic Symbol"; Value = "CAP-NP_1"; VariantName = "[No Variations]"
Add component (AddParameter): Name = "Supplier 1"; Value = "Digi-Key"; VariantName = "[No Variations]"
Add component (AddParameter): Name = "Supplier Part Number 1"; Value = "587-3498-1-ND"; VariantName = "[No Variations]"
Add component (AddParameter): Name = "Tolerance"; Value = "10%"; VariantName = "[No Variations]"
Add component (AddParameter): Name = "Type"; Value = "Ceramic"; VariantName = "[No Variations]"
Add component (AddParameter): Name = "Voltage"; Value = "50V"; VariantName = "[No Variations]"
Added Component: Designator=C2(CAPC1005X05N_0402)
Add component (AddParameter): Name = "BWA PN"; Value = "CCG-104CE-G"; VariantName = "[No Variations]"
Add component (AddParameter): Name = "Capacitance"; Value = "100nF"; VariantName = "[No Variations]"
Add component (AddParameter): Name = "Dielectric"; Value = "X7R"; VariantName = "[No Variations]"
Add component (AddParameter): Name = "Display_Name"; Value = "100nF,50V"; VariantName = "[No Variations]"
Add component (AddParameter): Name = "Manufacturer"; Value = "Taiyo Yuden"; VariantName = "[No Variations]"
Add component (AddParameter): Name = "Manufacturer Part Number"; Value = "UMK105B7104KV-FR"; VariantName = "[No Variations]"
Add component (AddParameter): Name = "Schematic Symbol"; Value = "CAP-NP_1"; VariantName = "[No Variations]"
Add component (AddParameter): Name = "Supplier 1"; Value = "Digi-Key"; VariantName = "[No Variations]"
Add component (AddParameter): Name = "Supplier Part Number 1"; Value = "587-3498-1-ND"; VariantName = "[No Variations]"
Add component (AddParameter): Name = "Tolerance"; Value = "10%"; VariantName = "[No Variations]"
Add component (AddParameter): Name = "Type"; Value = "Ceramic"; VariantName = "[No Variations]"
Add component (AddParameter): Name = "Voltage"; Value = "50V"; VariantName = "[No Variations]"
Added Component: Designator=C3(CAPC2012X12N_0805)
Add component (AddParameter): Name = "BWA PN"; Value = "CCI-226DE-G"; VariantName = "[No Variations]"
Add component (AddParameter): Name = "Capacitance"; Value = "22uF"; VariantName = "[No Variations]"
Add component (AddParameter): Name = "Dielectric"; Value = "X5R"; VariantName = "[No Variations]"
Add component (AddParameter): Name = "Display_Name"; Value = "22uF, 16V"; VariantName = "[No Variations]"
Add component (AddParameter): Name = "Manufacturer"; Value = "Samsung Electro-Mechanics"; VariantName = "[No Variations]"
Add component (AddParameter): Name = "Manufacturer Part Number"; Value = "CL21A226KOQNNNE"; VariantName = "[No Variations]"
Add component (AddParameter): Name = "Schematic Symbol"; Value = "CAP-NP_1"; VariantName = "[No Variations]"
Add component (AddParameter): Name = "Supplier 1"; Value = "Digi-Key"; VariantName = "[No Variations]"
Add component (AddParameter): Name = "Supplier Part Number 1"; Value = "1276-6526-1-ND"; VariantName = "[No Variations]"
Add component (AddParameter): Name = "Tolerance"; Value = "10%"; VariantName = "[No Variations]"
Add component (AddParameter): Name = "Type"; Value = "Ceramic"; VariantName = "[No Variations]"
Add component (AddParameter): Name = "Voltage"; Value = "16V"; VariantName = "[No Variations]"
Added Component: Designator=C4(CAPC1005X05N_0402)
Add component (AddParameter): Name = "BWA PN"; Value = "CCG-104CE-G"; VariantName = "[No Variations]"
Add component (AddParameter): Name = "Capacitance"; Value = "100nF"; VariantName = "[No Variations]"
Add component (AddParameter): Name = "Dielectric"; Value = "X7R"; VariantName = "[No Variations]"
Add component (AddParameter): Name = "Display_Name"; Value = "100nF,50V"; VariantName = "[No Variations]"
Add component (AddParameter): Name = "Manufacturer"; Value = "Taiyo Yuden"; VariantName = "[No Variations]"
Add component (AddParameter): Name = "Manufacturer Part Number"; Value = "UMK105B7104KV-FR"; VariantName = "[No Variations]"
Add component (AddParameter): Name = "Schematic Symbol"; Value = "CAP-NP_1"; VariantName = "[No Variations]"
Add component (AddParameter): Name = "Supplier 1"; Value = "Digi-Key"; VariantName = "[No Variations]"
Add component (AddParameter): Name = "Supplier Part Number 1"; Value = "587-3498-1-ND"; VariantName = "[No Variations]"
Add component (AddParameter): Name = "Tolerance"; Value = "10%"; VariantName = "[No Variations]"
Add component (AddParameter): Name = "Type"; Value = "Ceramic"; VariantName = "[No Variations]"
Add component (AddParameter): Name = "Voltage"; Value = "50V"; VariantName = "[No Variations]"
Added Component: Designator=C5(CAPC2012X12N_0805)
Add component (AddParameter): Name = "BWA PN"; Value = "CCI-226DE-G"; VariantName = "[No Variations]"
Add component (AddParameter): Name = "Capacitance"; Value = "22uF"; VariantName = "[No Variations]"
Add component (AddParameter): Name = "Dielectric"; Value = "X5R"; VariantName = "[No Variations]"
Add component (AddParameter): Name = "Display_Name"; Value = "22uF, 16V"; VariantName = "[No Variations]"
Add component (AddParameter): Name = "Manufacturer"; Value = "Samsung Electro-Mechanics"; VariantName = "[No Variations]"
Add component (AddParameter): Name = "Manufacturer Part Number"; Value = "CL21A226KOQNNNE"; VariantName = "[No Variations]"
Add component (AddParameter): Name = "Schematic Symbol"; Value = "CAP-NP_1"; VariantName = "[No Variations]"
Add component (AddParameter): Name = "Supplier 1"; Value = "Digi-Key"; VariantName = "[No Variations]"
Add component (AddParameter): Name = "Supplier Part Number 1"; Value = "1276-6526-1-ND"; VariantName = "[No Variations]"
Add component (AddParameter): Name = "Tolerance"; Value = "10%"; VariantName = "[No Variations]"
Add component (AddParameter): Name = "Type"; Value = "Ceramic"; VariantName = "[No Variations]"
Add component (AddParameter): Name = "Voltage"; Value = "16V"; VariantName = "[No Variations]"
Added Component: Designator=C6(CAPC1005X05N_0402)
Add component (AddParameter): Name = "BWA PN"; Value = "CCG-104CE-G"; VariantName = "[No Variations]"
Add component (AddParameter): Name = "Capacitance"; Value = "100nF"; VariantName = "[No Variations]"
Add component (AddParameter): Name = "Dielectric"; Value = "X7R"; VariantName = "[No Variations]"
Add component (AddParameter): Name = "Display_Name"; Value = "100nF,50V"; VariantName = "[No Variations]"
Add component (AddParameter): Name = "Manufacturer"; Value = "Taiyo Yuden"; VariantName = "[No Variations]"
Add component (AddParameter): Name = "Manufacturer Part Number"; Value = "UMK105B7104KV-FR"; VariantName = "[No Variations]"
Add component (AddParameter): Name = "Schematic Symbol"; Value = "CAP-NP_1"; VariantName = "[No Variations]"
Add component (AddParameter): Name = "Supplier 1"; Value = "Digi-Key"; VariantName = "[No Variations]"
Add component (AddParameter): Name = "Supplier Part Number 1"; Value = "587-3498-1-ND"; VariantName = "[No Variations]"
Add component (AddParameter): Name = "Tolerance"; Value = "10%"; VariantName = "[No Variations]"
Add component (AddParameter): Name = "Type"; Value = "Ceramic"; VariantName = "[No Variations]"
Add component (AddParameter): Name = "Voltage"; Value = "50V"; VariantName = "[No Variations]"
Added Component: Designator=C7(CAPC2012X12N_0805)
Add component (AddParameter): Name = "BWA PN"; Value = "CCI-226DE-G"; VariantName = "[No Variations]"
Add component (AddParameter): Name = "Capacitance"; Value = "22uF"; VariantName = "[No Variations]"
Add component (AddParameter): Name = "Dielectric"; Value = "X5R"; VariantName = "[No Variations]"
Add component (AddParameter): Name = "Display_Name"; Value = "22uF, 16V"; VariantName = "[No Variations]"
Add component (AddParameter): Name = "Manufacturer"; Value = "Samsung Electro-Mechanics"; VariantName = "[No Variations]"
Add component (AddParameter): Name = "Manufacturer Part Number"; Value = "CL21A226KOQNNNE"; VariantName = "[No Variations]"
Add component (AddParameter): Name = "Schematic Symbol"; Value = "CAP-NP_1"; VariantName = "[No Variations]"
Add component (AddParameter): Name = "Supplier 1"; Value = "Digi-Key"; VariantName = "[No Variations]"
Add component (AddParameter): Name = "Supplier Part Number 1"; Value = "1276-6526-1-ND"; VariantName = "[No Variations]"
Add component (AddParameter): Name = "Tolerance"; Value = "10%"; VariantName = "[No Variations]"
Add component (AddParameter): Name = "Type"; Value = "Ceramic"; VariantName = "[No Variations]"
Add component (AddParameter): Name = "Voltage"; Value = "16V"; VariantName = "[No Variations]"
Added Component: Designator=C8(CAPC1005X05N_0402)
Add component (AddParameter): Name = "BWA PN"; Value = "CCG-104CE-G"; VariantName = "[No Variations]"
Add component (AddParameter): Name = "Capacitance"; Value = "100nF"; VariantName = "[No Variations]"
Add component (AddParameter): Name = "Dielectric"; Value = "X7R"; VariantName = "[No Variations]"
Add component (AddParameter): Name = "Display_Name"; Value = "100nF,50V"; VariantName = "[No Variations]"
Add component (AddParameter): Name = "Manufacturer"; Value = "Taiyo Yuden"; VariantName = "[No Variations]"
Add component (AddParameter): Name = "Manufacturer Part Number"; Value = "UMK105B7104KV-FR"; VariantName = "[No Variations]"
Add component (AddParameter): Name = "Schematic Symbol"; Value = "CAP-NP_1"; VariantName = "[No Variations]"
Add component (AddParameter): Name = "Supplier 1"; Value = "Digi-Key"; VariantName = "[No Variations]"
Add component (AddParameter): Name = "Supplier Part Number 1"; Value = "587-3498-1-ND"; VariantName = "[No Variations]"
Add component (AddParameter): Name = "Tolerance"; Value = "10%"; VariantName = "[No Variations]"
Add component (AddParameter): Name = "Type"; Value = "Ceramic"; VariantName = "[No Variations]"
Add component (AddParameter): Name = "Voltage"; Value = "50V"; VariantName = "[No Variations]"
Added Component: Designator=C9(CAPC1005X05N_0402)
Add component (AddParameter): Name = "BWA PN"; Value = "CCG-104CE-G"; VariantName = "[No Variations]"
Add component (AddParameter): Name = "Capacitance"; Value = "100nF"; VariantName = "[No Variations]"
Add component (AddParameter): Name = "Dielectric"; Value = "X7R"; VariantName = "[No Variations]"
Add component (AddParameter): Name = "Display_Name"; Value = "100nF,50V"; VariantName = "[No Variations]"
Add component (AddParameter): Name = "Manufacturer"; Value = "Taiyo Yuden"; VariantName = "[No Variations]"
Add component (AddParameter): Name = "Manufacturer Part Number"; Value = "UMK105B7104KV-FR"; VariantName = "[No Variations]"
Add component (AddParameter): Name = "Schematic Symbol"; Value = "CAP-NP_1"; VariantName = "[No Variations]"
Add component (AddParameter): Name = "Supplier 1"; Value = "Digi-Key"; VariantName = "[No Variations]"
Add component (AddParameter): Name = "Supplier Part Number 1"; Value = "587-3498-1-ND"; VariantName = "[No Variations]"
Add component (AddParameter): Name = "Tolerance"; Value = "10%"; VariantName = "[No Variations]"
Add component (AddParameter): Name = "Type"; Value = "Ceramic"; VariantName = "[No Variations]"
Add component (AddParameter): Name = "Voltage"; Value = "50V"; VariantName = "[No Variations]"
Added Component: Designator=C10(CAPC1005X05N_0402)
Add component (AddParameter): Name = "BWA PN"; Value = "CCG-104CE-G"; VariantName = "[No Variations]"
Add component (AddParameter): Name = "Capacitance"; Value = "100nF"; VariantName = "[No Variations]"
Add component (AddParameter): Name = "Dielectric"; Value = "X7R"; VariantName = "[No Variations]"
Add component (AddParameter): Name = "Display_Name"; Value = "100nF,50V"; VariantName = "[No Variations]"
Add component (AddParameter): Name = "Manufacturer"; Value = "Taiyo Yuden"; VariantName = "[No Variations]"
Add component (AddParameter): Name = "Manufacturer Part Number"; Value = "UMK105B7104KV-FR"; VariantName = "[No Variations]"
Add component (AddParameter): Name = "Schematic Symbol"; Value = "CAP-NP_1"; VariantName = "[No Variations]"
Add component (AddParameter): Name = "Supplier 1"; Value = "Digi-Key"; VariantName = "[No Variations]"
Add component (AddParameter): Name = "Supplier Part Number 1"; Value = "587-3498-1-ND"; VariantName = "[No Variations]"
Add component (AddParameter): Name = "Tolerance"; Value = "10%"; VariantName = "[No Variations]"
Add component (AddParameter): Name = "Type"; Value = "Ceramic"; VariantName = "[No Variations]"
Add component (AddParameter): Name = "Voltage"; Value = "50V"; VariantName = "[No Variations]"
Added Component: Designator=C11(CAPC1005X05N_0402)
Add component (AddParameter): Name = "BWA PN"; Value = "CCG-104CE-G"; VariantName = "[No Variations]"
Add component (AddParameter): Name = "Capacitance"; Value = "100nF"; VariantName = "[No Variations]"
Add component (AddParameter): Name = "Dielectric"; Value = "X7R"; VariantName = "[No Variations]"
Add component (AddParameter): Name = "Display_Name"; Value = "100nF,50V"; VariantName = "[No Variations]"
Add component (AddParameter): Name = "Manufacturer"; Value = "Taiyo Yuden"; VariantName = "[No Variations]"
Add component (AddParameter): Name = "Manufacturer Part Number"; Value = "UMK105B7104KV-FR"; VariantName = "[No Variations]"
Add component (AddParameter): Name = "Schematic Symbol"; Value = "CAP-NP_1"; VariantName = "[No Variations]"
Add component (AddParameter): Name = "Supplier 1"; Value = "Digi-Key"; VariantName = "[No Variations]"
Add component (AddParameter): Name = "Supplier Part Number 1"; Value = "587-3498-1-ND"; VariantName = "[No Variations]"
Add component (AddParameter): Name = "Tolerance"; Value = "10%"; VariantName = "[No Variations]"
Add component (AddParameter): Name = "Type"; Value = "Ceramic"; VariantName = "[No Variations]"
Add component (AddParameter): Name = "Voltage"; Value = "50V"; VariantName = "[No Variations]"
Added Component: Designator=C12(CAPC1005X05N_0402)
Add component (AddParameter): Name = "BWA PN"; Value = "CCG-104CE-G"; VariantName = "[No Variations]"
Add component (AddParameter): Name = "Capacitance"; Value = "100nF"; VariantName = "[No Variations]"
Add component (AddParameter): Name = "Dielectric"; Value = "X7R"; VariantName = "[No Variations]"
Add component (AddParameter): Name = "Display_Name"; Value = "100nF,50V"; VariantName = "[No Variations]"
Add component (AddParameter): Name = "Manufacturer"; Value = "Taiyo Yuden"; VariantName = "[No Variations]"
Add component (AddParameter): Name = "Manufacturer Part Number"; Value = "UMK105B7104KV-FR"; VariantName = "[No Variations]"
Add component (AddParameter): Name = "Schematic Symbol"; Value = "CAP-NP_1"; VariantName = "[No Variations]"
Add component (AddParameter): Name = "Supplier 1"; Value = "Digi-Key"; VariantName = "[No Variations]"
Add component (AddParameter): Name = "Supplier Part Number 1"; Value = "587-3498-1-ND"; VariantName = "[No Variations]"
Add component (AddParameter): Name = "Tolerance"; Value = "10%"; VariantName = "[No Variations]"
Add component (AddParameter): Name = "Type"; Value = "Ceramic"; VariantName = "[No Variations]"
Add component (AddParameter): Name = "Voltage"; Value = "50V"; VariantName = "[No Variations]"
Added Component: Designator=C13(CAPC1005X05N_0402)
Add component (AddParameter): Name = "BWA PN"; Value = "CCG-104CE-G"; VariantName = "[No Variations]"
Add component (AddParameter): Name = "Capacitance"; Value = "100nF"; VariantName = "[No Variations]"
Add component (AddParameter): Name = "Dielectric"; Value = "X7R"; VariantName = "[No Variations]"
Add component (AddParameter): Name = "Display_Name"; Value = "100nF,50V"; VariantName = "[No Variations]"
Add component (AddParameter): Name = "Manufacturer"; Value = "Taiyo Yuden"; VariantName = "[No Variations]"
Add component (AddParameter): Name = "Manufacturer Part Number"; Value = "UMK105B7104KV-FR"; VariantName = "[No Variations]"
Add component (AddParameter): Name = "Schematic Symbol"; Value = "CAP-NP_1"; VariantName = "[No Variations]"
Add component (AddParameter): Name = "Supplier 1"; Value = "Digi-Key"; VariantName = "[No Variations]"
Add component (AddParameter): Name = "Supplier Part Number 1"; Value = "587-3498-1-ND"; VariantName = "[No Variations]"
Add component (AddParameter): Name = "Tolerance"; Value = "10%"; VariantName = "[No Variations]"
Add component (AddParameter): Name = "Type"; Value = "Ceramic"; VariantName = "[No Variations]"
Add component (AddParameter): Name = "Voltage"; Value = "50V"; VariantName = "[No Variations]"
Added Component: Designator=DS1(LED_SML-LX0603)
Add component (AddParameter): Name = "Axial Intensity"; Value = "14mcd"; VariantName = "[No Variations]"
Add component (AddParameter): Name = "BWA PN"; Value = "LED-10056-A"; VariantName = "[No Variations]"
Add component (AddParameter): Name = "Colour"; Value = "Red"; VariantName = "[No Variations]"
Add component (AddParameter): Name = "Display_Name"; Value = "SML-LX0603IW-TR"; VariantName = "[No Variations]"
Add component (AddParameter): Name = "If(max)"; Value = "20mA"; VariantName = "[No Variations]"
Add component (AddParameter): Name = "Lens Style/Size"; Value = "Rectangle, 1mmx0.8mm"; VariantName = "[No Variations]"
Add component (AddParameter): Name = "Lens type"; Value = "Diffused, White"; VariantName = "[No Variations]"
Add component (AddParameter): Name = "Manufacturer"; Value = "Lumex Opto/Components Inc"; VariantName = "[No Variations]"
Add component (AddParameter): Name = "Manufacturer Part Number"; Value = "SML-LX0603IW-TR"; VariantName = "[No Variations]"
Add component (AddParameter): Name = "Schematic Symbol"; Value = "LED_1"; VariantName = "[No Variations]"
Add component (AddParameter): Name = "Supplier 1"; Value = "Digi-Key"; VariantName = "[No Variations]"
Add component (AddParameter): Name = "Supplier Part Number 1"; Value = "67-1548-1-ND"; VariantName = "[No Variations]"
Add component (AddParameter): Name = "Vf@I"; Value = "2V"; VariantName = "[No Variations]"
Add component (AddParameter): Name = "Viewing Angle"; Value = "160deg"; VariantName = "[No Variations]"
Add component (AddParameter): Name = "Vr(max)"; Value = "5V"; VariantName = "[No Variations]"
Add component (AddParameter): Name = "Wavelength"; Value = "635nm"; VariantName = "[No Variations]"
Added Component: Designator=DS2(LED_SML-LX0603)
Add component (AddParameter): Name = "Axial Intensity"; Value = "18mcd"; VariantName = "[No Variations]"
Add component (AddParameter): Name = "BWA PN"; Value = "LED-10011-A"; VariantName = "[No Variations]"
Add component (AddParameter): Name = "Colour"; Value = "Green"; VariantName = "[No Variations]"
Add component (AddParameter): Name = "Display_Name"; Value = "SML-LX0603GW-TR"; VariantName = "[No Variations]"
Add component (AddParameter): Name = "If(max)"; Value = "25mA"; VariantName = "[No Variations]"
Add component (AddParameter): Name = "Lens Style/Size"; Value = "Rectangle, 1mmx0.8mm"; VariantName = "[No Variations]"
Add component (AddParameter): Name = "Lens type"; Value = "Diffused, White"; VariantName = "[No Variations]"
Add component (AddParameter): Name = "Manufacturer"; Value = "Lumex Opto/Components Inc"; VariantName = "[No Variations]"
Add component (AddParameter): Name = "Manufacturer Part Number"; Value = "SML-LX0603GW-TR"; VariantName = "[No Variations]"
Add component (AddParameter): Name = "Schematic Symbol"; Value = "LED_1"; VariantName = "[No Variations]"
Add component (AddParameter): Name = "Supplier 1"; Value = "Digi-Key"; VariantName = "[No Variations]"
Add component (AddParameter): Name = "Supplier Part Number 1"; Value = "67-1549-1-ND"; VariantName = "[No Variations]"
Add component (AddParameter): Name = "Vf@I"; Value = "2.2V"; VariantName = "[No Variations]"
Add component (AddParameter): Name = "Viewing Angle"; Value = "160deg"; VariantName = "[No Variations]"
Add component (AddParameter): Name = "Vr(max)"; Value = "5V"; VariantName = "[No Variations]"
Add component (AddParameter): Name = "Wavelength"; Value = "565nm"; VariantName = "[No Variations]"
Added Component: Designator=J1(MountingPad(2x2))
Added Component: Designator=J2(MountingPad(2x2))
Added Component: Designator=J3(HIROSE_A2-3PA-2.54DSA)
Add component (AddParameter): Name = "BWA PN"; Value = "CON-10038-A"; VariantName = "[No Variations]"
Add component (AddParameter): Name = "Contacts"; Value = "3"; VariantName = "[No Variations]"
Add component (AddParameter): Name = "Display_Name"; Value = "HEADER 1X3"; VariantName = "[No Variations]"
Add component (AddParameter): Name = "Manufacturer"; Value = "Hirose"; VariantName = "[No Variations]"
Add component (AddParameter): Name = "Manufacturer Part Number"; Value = "A2-3PA-2.54DSA"; VariantName = "[No Variations]"
Add component (AddParameter): Name = "Pitch"; Value = "2.54mm"; VariantName = "[No Variations]"
Add component (AddParameter): Name = "Rows"; Value = "1"; VariantName = "[No Variations]"
Add component (AddParameter): Name = "Schematic Symbol"; Value = "HIROSE_A2-3PA-2.54DSA"; VariantName = "[No Variations]"
Add component (AddParameter): Name = "Type"; Value = "HEADER"; VariantName = "[No Variations]"
Added Component: Designator=J4(MountingPad(2x2))
Added Component: Designator=J5(MountingPad(2x2))
Added Component: Designator=J6(TAG-CONNECT_TC2030_DUAL)
Add component (AddParameter): Name = "BWA PN"; Value = "NONPART-042"; VariantName = "[No Variations]"
Add component (AddParameter): Name = "Display_Name"; Value = "TC2030"; VariantName = "[No Variations]"
Add component (AddParameter): Name = "Schematic Symbol"; Value = "TAG-CONNECT_TC2030"; VariantName = "[No Variations]"
Added Component: Designator=J7(MountingPad(2x2))
Added Component: Designator=J8(MountingPad(2x2))
Added Component: Designator=J9(MountingPad(2x2))
Added Component: Designator=J10(MountingPad(2x2))
Added Component: Designator=Q1(ROHM-HSMT8)
Add component (AddParameter): Name = "BWA PN"; Value = "TRN-10125-A"; VariantName = "[No Variations]"
Add component (AddParameter): Name = "Display_Name"; Value = "RQ3E120ATTB"; VariantName = "[No Variations]"
Add component (AddParameter): Name = "Id(max)"; Value = "12A (Ta)"; VariantName = "[No Variations]"
Add component (AddParameter): Name = "Manufacturer"; Value = "Rohm Semiconductor"; VariantName = "[No Variations]"
Add component (AddParameter): Name = "Manufacturer Part Number"; Value = "RQ3E120ATTB"; VariantName = "[No Variations]"
Add component (AddParameter): Name = "rds(on)"; Value = "8mOhm @ 12A, 10V"; VariantName = "[No Variations]"
Add component (AddParameter): Name = "Schematic Symbol"; Value = "MOSFET-P_5"; VariantName = "[No Variations]"
Add component (AddParameter): Name = "Supplier 1"; Value = "Digi-Key"; VariantName = "[No Variations]"
Add component (AddParameter): Name = "Supplier Part Number 1"; Value = "RQ3E120ATTBCT-ND"; VariantName = "[No Variations]"
Add component (AddParameter): Name = "Type"; Value = "P"; VariantName = "[No Variations]"
Add component (AddParameter): Name = "Vds(max)"; Value = "30V"; VariantName = "[No Variations]"
Add component (AddParameter): Name = "Vgs(max)"; Value = "±20V
±20V
±20V"; VariantName = "[No Variations]"
Add component (AddParameter): Name = "Vth(max)"; Value = "2.5V @ 1mA"; VariantName = "[No Variations]"
Added Component: Designator=Q2(DFN3-125x125x53)
Add component (AddParameter): Name = "BWA PN"; Value = "TRN-10128-P"; VariantName = "[No Variations]"
Add component (AddParameter): Name = "Display_Name"; Value = "DMN2450"; VariantName = "[No Variations]"
Add component (AddParameter): Name = "Id(max)"; Value = "900mA"; VariantName = "[No Variations]"
Add component (AddParameter): Name = "Manufacturer"; Value = "Diodes Incorporated"; VariantName = "[No Variations]"
Add component (AddParameter): Name = "Manufacturer Part Number"; Value = "DMN2450UFD-7"; VariantName = "[No Variations]"
Add component (AddParameter): Name = "rds(on)"; Value = "600mOhm @ 200mA, 4.5V"; VariantName = "[No Variations]"
Add component (AddParameter): Name = "Schematic Symbol"; Value = "MOSFET-N_1"; VariantName = "[No Variations]"
Add component (AddParameter): Name = "Supplier 1"; Value = "Digi-Key"; VariantName = "[No Variations]"
Add component (AddParameter): Name = "Supplier Part Number 1"; Value = "DMN2450UFD-7DICT-ND"; VariantName = "[No Variations]"
Add component (AddParameter): Name = "Type"; Value = "N"; VariantName = "[No Variations]"
Add component (AddParameter): Name = "Vds(max)"; Value = "20V"; VariantName = "[No Variations]"
Add component (AddParameter): Name = "Vgs(max)"; Value = "±12V"; VariantName = "[No Variations]"
Add component (AddParameter): Name = "Vth(max)"; Value = "1V @ 250µA"; VariantName = "[No Variations]"
Added Component: Designator=Q3(DFN3X3A_8L_EP1_P)
Add component (AddParameter): Name = "BWA PN"; Value = "TRN-10126-A"; VariantName = "[No Variations]"
Add component (AddParameter): Name = "Display_Name"; Value = "AONR21321"; VariantName = "[No Variations]"
Add component (AddParameter): Name = "Id(max)"; Value = "24A"; VariantName = "[No Variations]"
Add component (AddParameter): Name = "Manufacturer"; Value = "Alpha & Omega Semiconductor Inc."; VariantName = "[No Variations]"
Add component (AddParameter): Name = "Manufacturer Part Number"; Value = "AONR21321"; VariantName = "[No Variations]"
Add component (AddParameter): Name = "rds(on)"; Value = "16.5mOhm @ 12A, 10V"; VariantName = "[No Variations]"
Add component (AddParameter): Name = "Schematic Symbol"; Value = "MOSFET-P_5"; VariantName = "[No Variations]"
Add component (AddParameter): Name = "Supplier 1"; Value = "Digi-Key"; VariantName = "[No Variations]"
Add component (AddParameter): Name = "Supplier Part Number 1"; Value = "785-1797-1-ND"; VariantName = "[No Variations]"
Add component (AddParameter): Name = "Type"; Value = "P"; VariantName = "[No Variations]"
Add component (AddParameter): Name = "Vds(max)"; Value = "30V"; VariantName = "[No Variations]"
Add component (AddParameter): Name = "Vgs(max)"; Value = "±25V"; VariantName = "[No Variations]"
Add component (AddParameter): Name = "Vth(max)"; Value = "2.3V @ 250µA"; VariantName = "[No Variations]"
Added Component: Designator=Q4(DFN3X3A_8L_EP1_P)
Add component (AddParameter): Name = "BWA PN"; Value = "TRN-10126-A"; VariantName = "[No Variations]"
Add component (AddParameter): Name = "Display_Name"; Value = "AONR21321"; VariantName = "[No Variations]"
Add component (AddParameter): Name = "Id(max)"; Value = "24A"; VariantName = "[No Variations]"
Add component (AddParameter): Name = "Manufacturer"; Value = "Alpha & Omega Semiconductor Inc."; VariantName = "[No Variations]"
Add component (AddParameter): Name = "Manufacturer Part Number"; Value = "AONR21321"; VariantName = "[No Variations]"
Add component (AddParameter): Name = "rds(on)"; Value = "16.5mOhm @ 12A, 10V"; VariantName = "[No Variations]"
Add component (AddParameter): Name = "Schematic Symbol"; Value = "MOSFET-P_5"; VariantName = "[No Variations]"
Add component (AddParameter): Name = "Supplier 1"; Value = "Digi-Key"; VariantName = "[No Variations]"
Add component (AddParameter): Name = "Supplier Part Number 1"; Value = "785-1797-1-ND"; VariantName = "[No Variations]"
Add component (AddParameter): Name = "Type"; Value = "P"; VariantName = "[No Variations]"
Add component (AddParameter): Name = "Vds(max)"; Value = "30V"; VariantName = "[No Variations]"
Add component (AddParameter): Name = "Vgs(max)"; Value = "±25V"; VariantName = "[No Variations]"
Add component (AddParameter): Name = "Vth(max)"; Value = "2.3V @ 250µA"; VariantName = "[No Variations]"
Added Component: Designator=Q5(DFN3-125x125x53)
Add component (AddParameter): Name = "BWA PN"; Value = "TRN-10128-P"; VariantName = "[No Variations]"
Add component (AddParameter): Name = "Display_Name"; Value = "DMN2450"; VariantName = "[No Variations]"
Add component (AddParameter): Name = "Id(max)"; Value = "900mA"; VariantName = "[No Variations]"
Add component (AddParameter): Name = "Manufacturer"; Value = "Diodes Incorporated"; VariantName = "[No Variations]"
Add component (AddParameter): Name = "Manufacturer Part Number"; Value = "DMN2450UFD-7"; VariantName = "[No Variations]"
Add component (AddParameter): Name = "rds(on)"; Value = "600mOhm @ 200mA, 4.5V"; VariantName = "[No Variations]"
Add component (AddParameter): Name = "Schematic Symbol"; Value = "MOSFET-N_1"; VariantName = "[No Variations]"
Add component (AddParameter): Name = "Supplier 1"; Value = "Digi-Key"; VariantName = "[No Variations]"
Add component (AddParameter): Name = "Supplier Part Number 1"; Value = "DMN2450UFD-7DICT-ND"; VariantName = "[No Variations]"
Add component (AddParameter): Name = "Type"; Value = "N"; VariantName = "[No Variations]"
Add component (AddParameter): Name = "Vds(max)"; Value = "20V"; VariantName = "[No Variations]"
Add component (AddParameter): Name = "Vgs(max)"; Value = "±12V"; VariantName = "[No Variations]"
Add component (AddParameter): Name = "Vth(max)"; Value = "1V @ 250µA"; VariantName = "[No Variations]"
Added Component: Designator=Q6(DFN3X3A_8L_EP1_P)
Add component (AddParameter): Name = "BWA PN"; Value = "TRN-10127-A"; VariantName = "[No Variations]"
Add component (AddParameter): Name = "Display_Name"; Value = "AON7528"; VariantName = "[No Variations]"
Add component (AddParameter): Name = "Id(max)"; Value = "40A"; VariantName = "[No Variations]"
Add component (AddParameter): Name = "Manufacturer"; Value = "Alpha & Omega Semiconductor Inc."; VariantName = "[No Variations]"
Add component (AddParameter): Name = "Manufacturer Part Number"; Value = "AON7528"; VariantName = "[No Variations]"
Add component (AddParameter): Name = "rds(on)"; Value = "2mOhm @ 20A, 10V"; VariantName = "[No Variations]"
Add component (AddParameter): Name = "Schematic Symbol"; Value = "MOSFET-P_5"; VariantName = "[No Variations]"
Add component (AddParameter): Name = "Supplier 1"; Value = "Digi-Key"; VariantName = "[No Variations]"
Add component (AddParameter): Name = "Supplier Part Number 1"; Value = "785-1506-1-ND"; VariantName = "[No Variations]"
Add component (AddParameter): Name = "Type"; Value = "N"; VariantName = "[No Variations]"
Add component (AddParameter): Name = "Vds(max)"; Value = "30V"; VariantName = "[No Variations]"
Add component (AddParameter): Name = "Vgs(max)"; Value = "±20V"; VariantName = "[No Variations]"
Add component (AddParameter): Name = "Vth(max)"; Value = "2.2V @ 250µA"; VariantName = "[No Variations]"
Added Component: Designator=Q7(DFN3X3A_8L_EP1_P)
Add component (AddParameter): Name = "BWA PN"; Value = "TRN-10127-A"; VariantName = "[No Variations]"
Add component (AddParameter): Name = "Display_Name"; Value = "AON7528"; VariantName = "[No Variations]"
Add component (AddParameter): Name = "Id(max)"; Value = "40A"; VariantName = "[No Variations]"
Add component (AddParameter): Name = "Manufacturer"; Value = "Alpha & Omega Semiconductor Inc."; VariantName = "[No Variations]"
Add component (AddParameter): Name = "Manufacturer Part Number"; Value = "AON7528"; VariantName = "[No Variations]"
Add component (AddParameter): Name = "rds(on)"; Value = "2mOhm @ 20A, 10V"; VariantName = "[No Variations]"
Add component (AddParameter): Name = "Schematic Symbol"; Value = "MOSFET-P_5"; VariantName = "[No Variations]"
Add component (AddParameter): Name = "Supplier 1"; Value = "Digi-Key"; VariantName = "[No Variations]"
Add component (AddParameter): Name = "Supplier Part Number 1"; Value = "785-1506-1-ND"; VariantName = "[No Variations]"
Add component (AddParameter): Name = "Type"; Value = "N"; VariantName = "[No Variations]"
Add component (AddParameter): Name = "Vds(max)"; Value = "30V"; VariantName = "[No Variations]"
Add component (AddParameter): Name = "Vgs(max)"; Value = "±20V"; VariantName = "[No Variations]"
Add component (AddParameter): Name = "Vth(max)"; Value = "2.2V @ 250µA"; VariantName = "[No Variations]"
Added Component: Designator=R1(RESC1005X04N_0402)
Add component (AddParameter): Name = "BWA PN"; Value = "RSG-0R000-F"; VariantName = "[No Variations]"
Add component (AddParameter): Name = "Display_Name"; Value = "0R,1%"; VariantName = "[No Variations]"
Add component (AddParameter): Name = "Manufacturer"; Value = "Yageo"; VariantName = "[No Variations]"
Add component (AddParameter): Name = "Manufacturer Part Number"; Value = "RC0402JR-070RL"; VariantName = "[No Variations]"
Add component (AddParameter): Name = "Power"; Value = "0.0625W"; VariantName = "[No Variations]"
Add component (AddParameter): Name = "Resistance"; Value = "0R"; VariantName = "[No Variations]"
Add component (AddParameter): Name = "Schematic Symbol"; Value = "RESISTOR_1"; VariantName = "[No Variations]"
Add component (AddParameter): Name = "Supplier 1"; Value = "Digi-Key"; VariantName = "[No Variations]"
Add component (AddParameter): Name = "Supplier Part Number 1"; Value = "311-0.0JRCT-ND"; VariantName = "[No Variations]"
Add component (AddParameter): Name = "Tolerance"; Value = "5%"; VariantName = "[No Variations]"
Add component (AddParameter): Name = "Type"; Value = "Chip"; VariantName = "[No Variations]"
Added Component: Designator=R2(RESC1005X04N_0402)
Add component (AddParameter): Name = "BWA PN"; Value = "RSG-270K0-D"; VariantName = "[No Variations]"
Add component (AddParameter): Name = "Display_Name"; Value = "270K,1%"; VariantName = "[No Variations]"
Add component (AddParameter): Name = "Manufacturer"; Value = "Yageo"; VariantName = "[No Variations]"
Add component (AddParameter): Name = "Manufacturer Part Number"; Value = "RC0402FR-07270KL"; VariantName = "[No Variations]"
Add component (AddParameter): Name = "Power"; Value = "0.063W"; VariantName = "[No Variations]"
Add component (AddParameter): Name = "Resistance"; Value = "270K"; VariantName = "[No Variations]"
Add component (AddParameter): Name = "Schematic Symbol"; Value = "RESISTOR_1"; VariantName = "[No Variations]"
Add component (AddParameter): Name = "Supplier 1"; Value = "Digi-Key"; VariantName = "[No Variations]"
Add component (AddParameter): Name = "Supplier Part Number 1"; Value = "311-270KLRCT-ND"; VariantName = "[No Variations]"
Add component (AddParameter): Name = "Tolerance"; Value = "1%"; VariantName = "[No Variations]"
Add component (AddParameter): Name = "Type"; Value = "Chip"; VariantName = "[No Variations]"
Added Component: Designator=R3(RESC1005X04N_0402)
Add component (AddParameter): Name = "BWA PN"; Value = "RSG-150K0-D"; VariantName = "[No Variations]"
Add component (AddParameter): Name = "Display_Name"; Value = "150K,1%"; VariantName = "[No Variations]"
Add component (AddParameter): Name = "Manufacturer"; Value = "Yageo"; VariantName = "[No Variations]"
Add component (AddParameter): Name = "Manufacturer Part Number"; Value = "RC0402FR-07150KL"; VariantName = "[No Variations]"
Add component (AddParameter): Name = "Power"; Value = "0.063W"; VariantName = "[No Variations]"
Add component (AddParameter): Name = "Resistance"; Value = "150K"; VariantName = "[No Variations]"
Add component (AddParameter): Name = "Schematic Symbol"; Value = "RESISTOR_1"; VariantName = "[No Variations]"
Add component (AddParameter): Name = "Supplier 1"; Value = "Digi-Key"; VariantName = "[No Variations]"
Add component (AddParameter): Name = "Supplier Part Number 1"; Value = "311-150KLRCT-ND"; VariantName = "[No Variations]"
Add component (AddParameter): Name = "Tolerance"; Value = "1%"; VariantName = "[No Variations]"
Add component (AddParameter): Name = "Type"; Value = "Chip"; VariantName = "[No Variations]"
Added Component: Designator=R4(RESC1005X04N_0402)
Add component (AddParameter): Name = "BWA PN"; Value = "RSG-10K00-D"; VariantName = "[No Variations]"
Add component (AddParameter): Name = "Display_Name"; Value = "10K,1%"; VariantName = "[No Variations]"
Add component (AddParameter): Name = "Manufacturer"; Value = "Yageo"; VariantName = "[No Variations]"
Add component (AddParameter): Name = "Manufacturer Part Number"; Value = "RC0402FR-0710KL"; VariantName = "[No Variations]"
Add component (AddParameter): Name = "Power"; Value = "0.0625W"; VariantName = "[No Variations]"
Add component (AddParameter): Name = "Resistance"; Value = "10K"; VariantName = "[No Variations]"
Add component (AddParameter): Name = "Schematic Symbol"; Value = "RESISTOR_1"; VariantName = "[No Variations]"
Add component (AddParameter): Name = "Supplier 1"; Value = "Digi-Key"; VariantName = "[No Variations]"
Add component (AddParameter): Name = "Supplier Part Number 1"; Value = "311-10.0KLRCT-ND"; VariantName = "[No Variations]"
Add component (AddParameter): Name = "Tolerance"; Value = "1%"; VariantName = "[No Variations]"
Add component (AddParameter): Name = "Type"; Value = "Chip"; VariantName = "[No Variations]"
Added Component: Designator=R5(RESC1005X04N_0402)
Add component (AddParameter): Name = "BWA PN"; Value = "RSG-10K00-D"; VariantName = "[No Variations]"
Add component (AddParameter): Name = "Display_Name"; Value = "10K,1%"; VariantName = "[No Variations]"
Add component (AddParameter): Name = "Manufacturer"; Value = "Yageo"; VariantName = "[No Variations]"
Add component (AddParameter): Name = "Manufacturer Part Number"; Value = "RC0402FR-0710KL"; VariantName = "[No Variations]"
Add component (AddParameter): Name = "Power"; Value = "0.0625W"; VariantName = "[No Variations]"
Add component (AddParameter): Name = "Resistance"; Value = "10K"; VariantName = "[No Variations]"
Add component (AddParameter): Name = "Schematic Symbol"; Value = "RESISTOR_1"; VariantName = "[No Variations]"
Add component (AddParameter): Name = "Supplier 1"; Value = "Digi-Key"; VariantName = "[No Variations]"
Add component (AddParameter): Name = "Supplier Part Number 1"; Value = "311-10.0KLRCT-ND"; VariantName = "[No Variations]"
Add component (AddParameter): Name = "Tolerance"; Value = "1%"; VariantName = "[No Variations]"
Add component (AddParameter): Name = "Type"; Value = "Chip"; VariantName = "[No Variations]"
Added Component: Designator=R6(RESC1005X04N_0402)
Add component (AddParameter): Name = "BWA PN"; Value = "RSG-10K00-D"; VariantName = "[No Variations]"
Add component (AddParameter): Name = "Display_Name"; Value = "10K,1%"; VariantName = "[No Variations]"
Add component (AddParameter): Name = "Manufacturer"; Value = "Yageo"; VariantName = "[No Variations]"
Add component (AddParameter): Name = "Manufacturer Part Number"; Value = "RC0402FR-0710KL"; VariantName = "[No Variations]"
Add component (AddParameter): Name = "Power"; Value = "0.0625W"; VariantName = "[No Variations]"
Add component (AddParameter): Name = "Resistance"; Value = "10K"; VariantName = "[No Variations]"
Add component (AddParameter): Name = "Schematic Symbol"; Value = "RESISTOR_1"; VariantName = "[No Variations]"
Add component (AddParameter): Name = "Supplier 1"; Value = "Digi-Key"; VariantName = "[No Variations]"
Add component (AddParameter): Name = "Supplier Part Number 1"; Value = "311-10.0KLRCT-ND"; VariantName = "[No Variations]"
Add component (AddParameter): Name = "Tolerance"; Value = "1%"; VariantName = "[No Variations]"
Add component (AddParameter): Name = "Type"; Value = "Chip"; VariantName = "[No Variations]"
Added Component: Designator=R7(RESC1005X04N_0402)
Add component (AddParameter): Name = "BWA PN"; Value = "RSG-10K00-D"; VariantName = "[No Variations]"
Add component (AddParameter): Name = "Display_Name"; Value = "10K,1%"; VariantName = "[No Variations]"
Add component (AddParameter): Name = "Manufacturer"; Value = "Yageo"; VariantName = "[No Variations]"
Add component (AddParameter): Name = "Manufacturer Part Number"; Value = "RC0402FR-0710KL"; VariantName = "[No Variations]"
Add component (AddParameter): Name = "Power"; Value = "0.0625W"; VariantName = "[No Variations]"
Add component (AddParameter): Name = "Resistance"; Value = "10K"; VariantName = "[No Variations]"
Add component (AddParameter): Name = "Schematic Symbol"; Value = "RESISTOR_1"; VariantName = "[No Variations]"
Add component (AddParameter): Name = "Supplier 1"; Value = "Digi-Key"; VariantName = "[No Variations]"
Add component (AddParameter): Name = "Supplier Part Number 1"; Value = "311-10.0KLRCT-ND"; VariantName = "[No Variations]"
Add component (AddParameter): Name = "Tolerance"; Value = "1%"; VariantName = "[No Variations]"
Add component (AddParameter): Name = "Type"; Value = "Chip"; VariantName = "[No Variations]"
Added Component: Designator=R8(RESC1005X04N_0402)
Add component (AddParameter): Name = "BWA PN"; Value = "RSG-10K00-D"; VariantName = "[No Variations]"
Add component (AddParameter): Name = "Display_Name"; Value = "10K,1%"; VariantName = "[No Variations]"
Add component (AddParameter): Name = "Manufacturer"; Value = "Yageo"; VariantName = "[No Variations]"
Add component (AddParameter): Name = "Manufacturer Part Number"; Value = "RC0402FR-0710KL"; VariantName = "[No Variations]"
Add component (AddParameter): Name = "Power"; Value = "0.0625W"; VariantName = "[No Variations]"
Add component (AddParameter): Name = "Resistance"; Value = "10K"; VariantName = "[No Variations]"
Add component (AddParameter): Name = "Schematic Symbol"; Value = "RESISTOR_1"; VariantName = "[No Variations]"
Add component (AddParameter): Name = "Supplier 1"; Value = "Digi-Key"; VariantName = "[No Variations]"
Add component (AddParameter): Name = "Supplier Part Number 1"; Value = "311-10.0KLRCT-ND"; VariantName = "[No Variations]"
Add component (AddParameter): Name = "Tolerance"; Value = "1%"; VariantName = "[No Variations]"
Add component (AddParameter): Name = "Type"; Value = "Chip"; VariantName = "[No Variations]"
Added Component: Designator=R9(RESC1005X04N_0402)
Add component (AddParameter): Name = "BWA PN"; Value = "RSG-10K00-D"; VariantName = "[No Variations]"
Add component (AddParameter): Name = "Display_Name"; Value = "10K,1%"; VariantName = "[No Variations]"
Add component (AddParameter): Name = "Manufacturer"; Value = "Yageo"; VariantName = "[No Variations]"
Add component (AddParameter): Name = "Manufacturer Part Number"; Value = "RC0402FR-0710KL"; VariantName = "[No Variations]"
Add component (AddParameter): Name = "Power"; Value = "0.0625W"; VariantName = "[No Variations]"
Add component (AddParameter): Name = "Resistance"; Value = "10K"; VariantName = "[No Variations]"
Add component (AddParameter): Name = "Schematic Symbol"; Value = "RESISTOR_1"; VariantName = "[No Variations]"
Add component (AddParameter): Name = "Supplier 1"; Value = "Digi-Key"; VariantName = "[No Variations]"
Add component (AddParameter): Name = "Supplier Part Number 1"; Value = "311-10.0KLRCT-ND"; VariantName = "[No Variations]"
Add component (AddParameter): Name = "Tolerance"; Value = "1%"; VariantName = "[No Variations]"
Add component (AddParameter): Name = "Type"; Value = "Chip"; VariantName = "[No Variations]"
Added Component: Designator=R10(RESC1005X04N_0402)
Add component (AddParameter): Name = "BWA PN"; Value = "RSG-10K00-D"; VariantName = "[No Variations]"
Add component (AddParameter): Name = "Display_Name"; Value = "10K,1%"; VariantName = "[No Variations]"
Add component (AddParameter): Name = "Manufacturer"; Value = "Yageo"; VariantName = "[No Variations]"
Add component (AddParameter): Name = "Manufacturer Part Number"; Value = "RC0402FR-0710KL"; VariantName = "[No Variations]"
Add component (AddParameter): Name = "Power"; Value = "0.0625W"; VariantName = "[No Variations]"
Add component (AddParameter): Name = "Resistance"; Value = "10K"; VariantName = "[No Variations]"
Add component (AddParameter): Name = "Schematic Symbol"; Value = "RESISTOR_1"; VariantName = "[No Variations]"
Add component (AddParameter): Name = "Supplier 1"; Value = "Digi-Key"; VariantName = "[No Variations]"
Add component (AddParameter): Name = "Supplier Part Number 1"; Value = "311-10.0KLRCT-ND"; VariantName = "[No Variations]"
Add component (AddParameter): Name = "Tolerance"; Value = "1%"; VariantName = "[No Variations]"
Add component (AddParameter): Name = "Type"; Value = "Chip"; VariantName = "[No Variations]"
Added Component: Designator=R11(RESC1005X04N_0402)
Add component (AddParameter): Name = "BWA PN"; Value = "RSG-10K00-D"; VariantName = "[No Variations]"
Add component (AddParameter): Name = "Display_Name"; Value = "10K,1%"; VariantName = "[No Variations]"
Add component (AddParameter): Name = "Manufacturer"; Value = "Yageo"; VariantName = "[No Variations]"
Add component (AddParameter): Name = "Manufacturer Part Number"; Value = "RC0402FR-0710KL"; VariantName = "[No Variations]"
Add component (AddParameter): Name = "Power"; Value = "0.0625W"; VariantName = "[No Variations]"
Add component (AddParameter): Name = "Resistance"; Value = "10K"; VariantName = "[No Variations]"
Add component (AddParameter): Name = "Schematic Symbol"; Value = "RESISTOR_1"; VariantName = "[No Variations]"
Add component (AddParameter): Name = "Supplier 1"; Value = "Digi-Key"; VariantName = "[No Variations]"
Add component (AddParameter): Name = "Supplier Part Number 1"; Value = "311-10.0KLRCT-ND"; VariantName = "[No Variations]"
Add component (AddParameter): Name = "Tolerance"; Value = "1%"; VariantName = "[No Variations]"
Add component (AddParameter): Name = "Type"; Value = "Chip"; VariantName = "[No Variations]"
Added Component: Designator=R12(RESC1005X04N_0402)
Add component (AddParameter): Name = "BWA PN"; Value = "RSG-10K00-D"; VariantName = "[No Variations]"
Add component (AddParameter): Name = "Display_Name"; Value = "10K,1%"; VariantName = "[No Variations]"
Add component (AddParameter): Name = "Manufacturer"; Value = "Yageo"; VariantName = "[No Variations]"
Add component (AddParameter): Name = "Manufacturer Part Number"; Value = "RC0402FR-0710KL"; VariantName = "[No Variations]"
Add component (AddParameter): Name = "Power"; Value = "0.0625W"; VariantName = "[No Variations]"
Add component (AddParameter): Name = "Resistance"; Value = "10K"; VariantName = "[No Variations]"
Add component (AddParameter): Name = "Schematic Symbol"; Value = "RESISTOR_1"; VariantName = "[No Variations]"
Add component (AddParameter): Name = "Supplier 1"; Value = "Digi-Key"; VariantName = "[No Variations]"
Add component (AddParameter): Name = "Supplier Part Number 1"; Value = "311-10.0KLRCT-ND"; VariantName = "[No Variations]"
Add component (AddParameter): Name = "Tolerance"; Value = "1%"; VariantName = "[No Variations]"
Add component (AddParameter): Name = "Type"; Value = "Chip"; VariantName = "[No Variations]"
Added Component: Designator=R13(RESC1005X04N_0402)
Add component (AddParameter): Name = "BWA PN"; Value = "RSG-1K800-D"; VariantName = "[No Variations]"
Add component (AddParameter): Name = "Display_Name"; Value = "1k8,1%"; VariantName = "[No Variations]"
Add component (AddParameter): Name = "Manufacturer"; Value = "Vishay Dale"; VariantName = "[No Variations]"
Add component (AddParameter): Name = "Manufacturer Part Number"; Value = "CRCW04021K80FKED"; VariantName = "[No Variations]"
Add component (AddParameter): Name = "Power"; Value = "0.0625W"; VariantName = "[No Variations]"
Add component (AddParameter): Name = "Resistance"; Value = "1k8"; VariantName = "[No Variations]"
Add component (AddParameter): Name = "Schematic Symbol"; Value = "RESISTOR_1"; VariantName = "[No Variations]"
Add component (AddParameter): Name = "Supplier 1"; Value = "Digi-Key"; VariantName = "[No Variations]"
Add component (AddParameter): Name = "Supplier Part Number 1"; Value = "541-1.80KLCT-ND"; VariantName = "[No Variations]"
Add component (AddParameter): Name = "Tolerance"; Value = "1%"; VariantName = "[No Variations]"
Add component (AddParameter): Name = "Type"; Value = "Chip"; VariantName = "[No Variations]"
Added Component: Designator=R14(RESC1005X04N_0402)
Add component (AddParameter): Name = "BWA PN"; Value = "RSG-120R0-D"; VariantName = "[No Variations]"
Add component (AddParameter): Name = "Display_Name"; Value = "120R,1%"; VariantName = "[No Variations]"
Add component (AddParameter): Name = "Manufacturer"; Value = "Yageo"; VariantName = "[No Variations]"
Add component (AddParameter): Name = "Manufacturer Part Number"; Value = "RC0402FR-07120RL"; VariantName = "[No Variations]"
Add component (AddParameter): Name = "Power"; Value = "0.0625W"; VariantName = "[No Variations]"
Add component (AddParameter): Name = "Resistance"; Value = "120R"; VariantName = "[No Variations]"
Add component (AddParameter): Name = "Schematic Symbol"; Value = "RESISTOR_1"; VariantName = "[No Variations]"
Add component (AddParameter): Name = "Supplier 1"; Value = "Digi-Key"; VariantName = "[No Variations]"
Add component (AddParameter): Name = "Supplier Part Number 1"; Value = "311-120LRCT-ND"; VariantName = "[No Variations]"
Add component (AddParameter): Name = "Tolerance"; Value = "1%"; VariantName = "[No Variations]"
Add component (AddParameter): Name = "Type"; Value = "Chip"; VariantName = "[No Variations]"
Added Component: Designator=R15(RESC1005X04N_0402)
Add component (AddParameter): Name = "BWA PN"; Value = "RSG-120R0-D"; VariantName = "[No Variations]"
Add component (AddParameter): Name = "Display_Name"; Value = "120R,1%"; VariantName = "[No Variations]"
Add component (AddParameter): Name = "Manufacturer"; Value = "Yageo"; VariantName = "[No Variations]"
Add component (AddParameter): Name = "Manufacturer Part Number"; Value = "RC0402FR-07120RL"; VariantName = "[No Variations]"
Add component (AddParameter): Name = "Power"; Value = "0.0625W"; VariantName = "[No Variations]"
Add component (AddParameter): Name = "Resistance"; Value = "120R"; VariantName = "[No Variations]"
Add component (AddParameter): Name = "Schematic Symbol"; Value = "RESISTOR_1"; VariantName = "[No Variations]"
Add component (AddParameter): Name = "Supplier 1"; Value = "Digi-Key"; VariantName = "[No Variations]"
Add component (AddParameter): Name = "Supplier Part Number 1"; Value = "311-120LRCT-ND"; VariantName = "[No Variations]"
Add component (AddParameter): Name = "Tolerance"; Value = "1%"; VariantName = "[No Variations]"
Add component (AddParameter): Name = "Type"; Value = "Chip"; VariantName = "[No Variations]"
Added Component: Designator=U1(DFN50P200X200X80-8N_PWSON6)
Add component (AddParameter): Name = "BWA PN"; Value = "ICT-10916-A"; VariantName = "[No Variations]"
Add component (AddParameter): Name = "Display_Name"; Value = "LDL212"; VariantName = "[No Variations]"
Add component (AddParameter): Name = "Manufacturer"; Value = "STMicroelectronics"; VariantName = "[No Variations]"
Add component (AddParameter): Name = "Manufacturer Part Number"; Value = "LDL212PV33R"; VariantName = "[No Variations]"
Add component (AddParameter): Name = "Schematic Symbol"; Value = "LDL212PU50R"; VariantName = "[No Variations]"
Add component (AddParameter): Name = "Supplier 1"; Value = "Digi-Key"; VariantName = "[No Variations]"
Add component (AddParameter): Name = "Supplier Part Number 1"; Value = "497-19548-1-ND"; VariantName = "[No Variations]"
Add component (AddParameter): Name = "Temp Range"; Value = "-40°C ~ 125°C (TJ)"; VariantName = "[No Variations]"
Added Component: Designator=U3(TSQFP50P700X700X160-32N)
Add component (AddParameter): Name = "BWA PN"; Value = "ICT-10946-A"; VariantName = "[No Variations]"
Add component (AddParameter): Name = "Display_Name"; Value = "STM32L010"; VariantName = "[No Variations]"
Add component (AddParameter): Name = "Manufacturer"; Value = "STMicroelectronics"; VariantName = "[No Variations]"
Add component (AddParameter): Name = "Manufacturer Part Number"; Value = "STM32L010K4T6"; VariantName = "[No Variations]"
Add component (AddParameter): Name = "Schematic Symbol"; Value = "STM32L010F4/K4"; VariantName = "[No Variations]"
Add component (AddParameter): Name = "Supplier 1"; Value = "Digi-Key"; VariantName = "[No Variations]"
Add component (AddParameter): Name = "Supplier Part Number 1"; Value = "497-STM32L010K4T6-ND"; VariantName = "[No Variations]"
Add component (AddParameter): Name = "Temp Range"; Value = "-40°C ~ 85°C (TA)"; VariantName = "[No Variations]"
Added Pin To Net: NetName=GND Pin=C1-1
Added Pin To Net: NetName=GND Pin=C2-1
Added Pin To Net: NetName=+3V3 Pin=C2-2
Added Pin To Net: NetName=GND Pin=C3-1
Added Pin To Net: NetName=GND Pin=C4-1
Added Pin To Net: NetName=GND Pin=C5-1
Added Pin To Net: NetName=GND Pin=C6-1
Added Pin To Net: NetName=GND Pin=C7-1
Added Pin To Net: NetName=+3V3 Pin=C7-2
Added Pin To Net: NetName=GND Pin=C8-1
Added Pin To Net: NetName=VCC Pin=C8-2
Added Pin To Net: NetName=GND Pin=C9-1
Added Pin To Net: NetName=+3V3 Pin=C9-2
Added Pin To Net: NetName=GND Pin=C10-1
Added Pin To Net: NetName=+3V3 Pin=C10-2
Added Pin To Net: NetName=NRST Pin=C11-1
Added Pin To Net: NetName=GND Pin=C11-2
Added Pin To Net: NetName=L_MOTOR- Pin=C12-1
Added Pin To Net: NetName=L_MOTOR+ Pin=C12-2
Added Pin To Net: NetName=R_MOTOR- Pin=C13-1
Added Pin To Net: NetName=R_MOTOR+ Pin=C13-2
Added Pin To Net: NetName=GND Pin=DS1-1
Added Pin To Net: NetName=NetDS1_2 Pin=DS1-2
Added Pin To Net: NetName=GND Pin=DS2-1
Added Pin To Net: NetName=NetDS2_2 Pin=DS2-2
Added Pin To Net: NetName=NetJ1_1 Pin=J1-1
Added Pin To Net: NetName=GND Pin=J2-1
Added Pin To Net: NetName=GND Pin=J3-3
Added Pin To Net: NetName=CALIBRATE Pin=J4-1
Added Pin To Net: NetName=GND Pin=J5-1
Added Pin To Net: NetName=+3V3 Pin=J6-1
Added Pin To Net: NetName=+3V3 Pin=J6-1
Added Pin To Net: NetName=SWDIO Pin=J6-2
Added Pin To Net: NetName=SWDIO Pin=J6-2
Added Pin To Net: NetName=NRST Pin=J6-3
Added Pin To Net: NetName=NRST Pin=J6-3
Added Pin To Net: NetName=SWCLK Pin=J6-4
Added Pin To Net: NetName=SWCLK Pin=J6-4
Added Pin To Net: NetName=GND Pin=J6-5
Added Pin To Net: NetName=GND Pin=J6-5
Added Pin To Net: NetName=L_MOTOR+ Pin=J7-1
Added Pin To Net: NetName=L_MOTOR- Pin=J8-1
Added Pin To Net: NetName=R_MOTOR+ Pin=J9-1
Added Pin To Net: NetName=R_MOTOR- Pin=J10-1
Added Pin To Net: NetName=VCC Pin=Q1-1
Added Pin To Net: NetName=VCC Pin=Q1-2
Added Pin To Net: NetName=VCC Pin=Q1-3
Added Pin To Net: NetName=GND Pin=Q1-4
Added Pin To Net: NetName=NetJ1_1 Pin=Q1-5
Added Pin To Net: NetName=NetJ1_1 Pin=Q1-6
Added Pin To Net: NetName=NetJ1_1 Pin=Q1-7
Added Pin To Net: NetName=NetJ1_1 Pin=Q1-8
Added Pin To Net: NetName=VCC Pin=Q3-1
Added Pin To Net: NetName=VCC Pin=Q3-2
Added Pin To Net: NetName=VCC Pin=Q3-3
Added Pin To Net: NetName=L_MOTOR+ Pin=Q3-5
Added Pin To Net: NetName=L_MOTOR+ Pin=Q3-6
Added Pin To Net: NetName=L_MOTOR+ Pin=Q3-7
Added Pin To Net: NetName=L_MOTOR+ Pin=Q3-8
Added Pin To Net: NetName=VCC Pin=Q4-1
Added Pin To Net: NetName=VCC Pin=Q4-2
Added Pin To Net: NetName=VCC Pin=Q4-3
Added Pin To Net: NetName=L_MOTOR+ Pin=Q4-5
Added Pin To Net: NetName=L_MOTOR+ Pin=Q4-6
Added Pin To Net: NetName=L_MOTOR+ Pin=Q4-7
Added Pin To Net: NetName=L_MOTOR+ Pin=Q4-8
Added Pin To Net: NetName=L_MOTOR+ Pin=Q6-1
Added Pin To Net: NetName=L_MOTOR+ Pin=Q6-2
Added Pin To Net: NetName=L_MOTOR+ Pin=Q6-3
Added Pin To Net: NetName=GND Pin=Q6-5
Added Pin To Net: NetName=GND Pin=Q6-6
Added Pin To Net: NetName=GND Pin=Q6-7
Added Pin To Net: NetName=GND Pin=Q6-8
Added Pin To Net: NetName=L_MOTOR+ Pin=Q7-1
Added Pin To Net: NetName=L_MOTOR+ Pin=Q7-2
Added Pin To Net: NetName=L_MOTOR+ Pin=Q7-3
Added Pin To Net: NetName=GND Pin=Q7-5
Added Pin To Net: NetName=GND Pin=Q7-6
Added Pin To Net: NetName=GND Pin=Q7-7
Added Pin To Net: NetName=GND Pin=Q7-8
Added Pin To Net: NetName=VCC Pin=R1-1
Added Pin To Net: NetName=GND Pin=R3-1
Added Pin To Net: NetName=NRST Pin=R5-1
Added Pin To Net: NetName=+3V3 Pin=R5-2
Added Pin To Net: NetName=VCC Pin=R6-1
Added Pin To Net: NetName=VCC Pin=R7-1
Added Pin To Net: NetName=GND Pin=R10-2
Added Pin To Net: NetName=GND Pin=R11-2
Added Pin To Net: NetName=VCC Pin=R12-1
Added Pin To Net: NetName=BAT_DET Pin=R12-2
Added Pin To Net: NetName=BAT_DET Pin=R13-1
Added Pin To Net: NetName=GND Pin=R13-2
Added Pin To Net: NetName=NetDS1_2 Pin=R14-1
Added Pin To Net: NetName=LED_RED Pin=R14-2
Added Pin To Net: NetName=NetDS2_2 Pin=R15-1
Added Pin To Net: NetName=LED_GREEN Pin=R15-2
Added Pin To Net: NetName=GND Pin=U1-1
Added Pin To Net: NetName=+3V3 Pin=U1-2
Added Pin To Net: NetName=+3V3 Pin=U1-3
Added Pin To Net: NetName=GND Pin=U1-7
Added Pin To Net: NetName=+3V3 Pin=U3-1
Added Pin To Net: NetName=NRST Pin=U3-4
Added Pin To Net: NetName=+3V3 Pin=U3-5
Added Pin To Net: NetName=BAT_DET Pin=U3-10
Added Pin To Net: NetName=CALIBRATE Pin=U3-11
Added Pin To Net: NetName=LED_GREEN Pin=U3-12
Added Pin To Net: NetName=LED_RED Pin=U3-13
Added Pin To Net: NetName=GND Pin=U3-16
Added Pin To Net: NetName=+3V3 Pin=U3-17
Added Pin To Net: NetName=SWDIO Pin=U3-23
Added Pin To Net: NetName=SWCLK Pin=U3-24
Added Pin To Net: NetName=GND Pin=U3-31
Added Pin To Net: NetName=GND Pin=U3-32
Added Pin To Net: NetName=+5V0 Pin=C1-2
Added Pin To Net: NetName=+5V0 Pin=C5-2
Added Pin To Net: NetName=+5V0 Pin=C6-2
Added Pin To Net: NetName=+5V0 Pin=J3-2
Added Pin To Net: NetName=+5V0 Pin=R2-2
Added Pin To Net: NetName=+5V0 Pin=U1-4
Added Pin To Net: NetName=+5V0 Pin=U1-6
Added Net: Name=+5V0
Added Pin To Net: NetName=N1 Pin=Q6-4
Added Pin To Net: NetName=N1 Pin=R10-1
Added Pin To Net: NetName=N1 Pin=U3-8
Added Net: Name=N1
Added Pin To Net: NetName=N2 Pin=Q7-4
Added Pin To Net: NetName=N2 Pin=R11-1
Added Pin To Net: NetName=N2 Pin=U3-9
Added Net: Name=N2
Added Pin To Net: NetName=NetC3_2 Pin=C3-2
Added Pin To Net: NetName=NetC3_2 Pin=C4-2
Added Pin To Net: NetName=NetC3_2 Pin=R1-2
Added Net: Name=NetC3_2
Added Pin To Net: NetName=NetJ3_1 Pin=J3-1
Added Pin To Net: NetName=NetJ3_1 Pin=R4-1
Added Net: Name=NetJ3_1
Added Pin To Net: NetName=NetQ2_2 Pin=Q2-2
Added Pin To Net: NetName=NetQ2_2 Pin=R8-2
Added Net: Name=NetQ2_2
Added Pin To Net: NetName=NetQ5_2 Pin=Q5-2
Added Pin To Net: NetName=NetQ5_2 Pin=R9-2
Added Net: Name=NetQ5_2
Added Pin To Net: NetName=NetR2_1 Pin=R2-1
Added Pin To Net: NetName=NetR2_1 Pin=R3-2
Added Net: Name=NetR2_1
Added Pin To Net: NetName=P1-I Pin=Q3-4
Added Pin To Net: NetName=P1-I Pin=Q5-3
Added Pin To Net: NetName=P1-I Pin=R6-2
Added Net: Name=P1-I
Added Pin To Net: NetName=P1 Pin=Q5-1
Added Pin To Net: NetName=P1 Pin=R9-1
Added Pin To Net: NetName=P1 Pin=U3-6
Added Net: Name=P1
Added Pin To Net: NetName=P2-I Pin=Q2-3
Added Pin To Net: NetName=P2-I Pin=Q4-4
Added Pin To Net: NetName=P2-I Pin=R7-2
Added Net: Name=P2-I
Added Pin To Net: NetName=P2 Pin=Q2-1
Added Pin To Net: NetName=P2 Pin=R8-1
Added Pin To Net: NetName=P2 Pin=U3-7
Added Net: Name=P2
Added Pin To Net: NetName=RADIO Pin=R4-2
Added Pin To Net: NetName=RADIO Pin=U3-20
Added Net: Name=RADIO
Added Class: Name=BRAWN
Added Room: Name=BRAWN
