Removed Pin From Net: NetName=L_MOTOR+ Pin=Q6-1
Removed Pin From Net: NetName=L_MOTOR+ Pin=Q6-2
Removed Pin From Net: NetName=L_MOTOR+ Pin=Q6-3
Removed Pin From Net: NetName=GND Pin=Q6-5
Removed Pin From Net: NetName=GND Pin=Q6-6
Removed Pin From Net: NetName=GND Pin=Q6-7
Removed Pin From Net: NetName=GND Pin=Q6-8
Removed Pin From Net: NetName=L_MOTOR- Pin=Q7-1
Removed Pin From Net: NetName=L_MOTOR- Pin=Q7-2
Removed Pin From Net: NetName=L_MOTOR- Pin=Q7-3
Removed Pin From Net: NetName=GND Pin=Q7-5
Removed Pin From Net: NetName=GND Pin=Q7-6
Removed Pin From Net: NetName=GND Pin=Q7-7
Removed Pin From Net: NetName=GND Pin=Q7-8
Change component parameters: Designator = "Q6" ("Q6"); Footprint = "DFN3X3A_8L_EP1_P"; UniqueID = "\QDMKSGNO" ("\QDMKSGNO")
Change component parameters (AddParameter): Name = "BWA PN"; Value = "TRN-10127-A"; VariantName = "[No Variations]"
Change component parameters (AddParameter): Name = "Display_Name"; Value = "AON7528"; VariantName = "[No Variations]"
Change component parameters (AddParameter): Name = "Id(max)"; Value = "40A"; VariantName = "[No Variations]"
Change component parameters (AddParameter): Name = "Manufacturer"; Value = "Alpha & Omega Semiconductor Inc."; VariantName = "[No Variations]"
Change component parameters (AddParameter): Name = "Manufacturer Part Number"; Value = "AON7528"; VariantName = "[No Variations]"
Change component parameters (AddParameter): Name = "rds(on)"; Value = "2mOhm @ 20A, 10V"; VariantName = "[No Variations]"
Change component parameters (AddParameter): Name = "Schematic Symbol"; Value = "MOSFET-N_5"; VariantName = "[No Variations]"
Change component parameters (AddParameter): Name = "Supplier 1"; Value = "Digi-Key"; VariantName = "[No Variations]"
Change component parameters (AddParameter): Name = "Supplier Part Number 1"; Value = "785-1506-1-ND"; VariantName = "[No Variations]"
Change component parameters (AddParameter): Name = "Type"; Value = "N"; VariantName = "[No Variations]"
Change component parameters (AddParameter): Name = "Vds(max)"; Value = "30V"; VariantName = "[No Variations]"
Change component parameters (AddParameter): Name = "Vgs(max)"; Value = "±20V"; VariantName = "[No Variations]"
Change component parameters (AddParameter): Name = "Vth(max)"; Value = "2.2V @ 250µA"; VariantName = "[No Variations]"
Change component parameters: Designator = "Q7" ("Q7"); Footprint = "DFN3X3A_8L_EP1_P"; UniqueID = "\ALZAYUXL" ("\ALZAYUXL")
Change component parameters (AddParameter): Name = "BWA PN"; Value = "TRN-10127-A"; VariantName = "[No Variations]"
Change component parameters (AddParameter): Name = "Display_Name"; Value = "AON7528"; VariantName = "[No Variations]"
Change component parameters (AddParameter): Name = "Id(max)"; Value = "40A"; VariantName = "[No Variations]"
Change component parameters (AddParameter): Name = "Manufacturer"; Value = "Alpha & Omega Semiconductor Inc."; VariantName = "[No Variations]"
Change component parameters (AddParameter): Name = "Manufacturer Part Number"; Value = "AON7528"; VariantName = "[No Variations]"
Change component parameters (AddParameter): Name = "rds(on)"; Value = "2mOhm @ 20A, 10V"; VariantName = "[No Variations]"
Change component parameters (AddParameter): Name = "Schematic Symbol"; Value = "MOSFET-N_5"; VariantName = "[No Variations]"
Change component parameters (AddParameter): Name = "Supplier 1"; Value = "Digi-Key"; VariantName = "[No Variations]"
Change component parameters (AddParameter): Name = "Supplier Part Number 1"; Value = "785-1506-1-ND"; VariantName = "[No Variations]"
Change component parameters (AddParameter): Name = "Type"; Value = "N"; VariantName = "[No Variations]"
Change component parameters (AddParameter): Name = "Vds(max)"; Value = "30V"; VariantName = "[No Variations]"
Change component parameters (AddParameter): Name = "Vgs(max)"; Value = "±20V"; VariantName = "[No Variations]"
Change component parameters (AddParameter): Name = "Vth(max)"; Value = "2.2V @ 250µA"; VariantName = "[No Variations]"
Added Pin To Net: NetName=GND Pin=Q6-1
Added Pin To Net: NetName=GND Pin=Q6-2
Added Pin To Net: NetName=GND Pin=Q6-3
Added Pin To Net: NetName=L_MOTOR+ Pin=Q6-5
Added Pin To Net: NetName=L_MOTOR+ Pin=Q6-6
Added Pin To Net: NetName=L_MOTOR+ Pin=Q6-7
Added Pin To Net: NetName=L_MOTOR+ Pin=Q6-8
Added Pin To Net: NetName=GND Pin=Q7-1
Added Pin To Net: NetName=GND Pin=Q7-2
Added Pin To Net: NetName=GND Pin=Q7-3
Added Pin To Net: NetName=L_MOTOR- Pin=Q7-5
Added Pin To Net: NetName=L_MOTOR- Pin=Q7-6
Added Pin To Net: NetName=L_MOTOR- Pin=Q7-7
Added Pin To Net: NetName=L_MOTOR- Pin=Q7-8
Added Room: Name=BRAWN
